Build started 18.7.2013 0:05:54.
     1>Project "D:\prj\articles\03-visual-styles\vstyles\app\app.vcxproj" on node 2 (build target(s)).
     1>InitializeBuildStatus:
         Creating "Debug\app.unsuccessfulbuild" because "AlwaysCreate" was specified.
       ClCompile:
         All outputs are up-to-date.
       ResourceCompile:
         All outputs are up-to-date.
       Link:
         c:\Program Files (x86)\Microsoft Visual Studio 10.0\VC\bin\link.exe /ERRORREPORT:PROMPT /OUT:"D:\prj\articles\03-visual-styles\vstyles\Debug\app.exe" /NOLOGO "D:\prj\articles\03-visual-styles\vstyles\Debug\/custom.lib" kernel32.lib user32.lib gdi32.lib winspool.lib comdlg32.lib comctl32.lib advapi32.lib shell32.lib ole32.lib oleaut32.lib uuid.lib odbc32.lib odbccp32.lib kernel32.lib user32.lib gdi32.lib winspool.lib comdlg32.lib advapi32.lib shell32.lib ole32.lib oleaut32.lib uuid.lib odbc32.lib odbccp32.lib /MANIFEST /ManifestFile:"Debug\app.exe.intermediate.manifest" /MANIFESTUAC:"level='asInvoker' uiAccess='false'" /DEBUG /PDB:"D:\prj\articles\03-visual-styles\vstyles\Debug\app.pdb" /TLBID:1 /DYNAMICBASE /NXCOMPAT /IMPLIB:"D:\prj\articles\03-visual-styles\vstyles\Debug\app.lib" /MACHINE:X86 Debug\resource.res
         Debug\main.obj
         app.vcxproj -> D:\prj\articles\03-visual-styles\vstyles\Debug\app.exe
       Manifest:
         C:\Program Files (x86)\Microsoft SDKs\Windows\v7.0A\bin\mt.exe /nologo /verbose /out:"D:\prj\articles\03-visual-styles\vstyles\Debug\app.exe.manifest" /manifest Debug\app.exe.intermediate.manifest
       FinalizeBuildStatus:
         Deleting file "Debug\app.unsuccessfulbuild".
         Touching "Debug\app.lastbuildstate".
     1>Done Building Project "D:\prj\articles\03-visual-styles\vstyles\app\app.vcxproj" (build target(s)).

Build succeeded.

Time Elapsed 00:00:00.26
