D:\PRJ\ARTICLES\03-VISUAL-STYLES\VSTYLES\APP\DEBUG\APP.EXE.INTERMEDIATE.MANIFEST
D:\prj\articles\03-visual-styles\vstyles\app\Debug\app.write.1.tlog
D:\PRJ\ARTICLES\03-VISUAL-STYLES\VSTYLES\APP\DEBUG\APP2.EXE.INTERMEDIATE.MANIFEST
D:\prj\articles\03-visual-styles\vstyles\app\Debug\app2.write.1.tlog
D:\prj\articles\03-visual-styles\vstyles\app\Debug\cl.command.1.tlog
D:\prj\articles\03-visual-styles\vstyles\app\Debug\CL.read.1.tlog
D:\prj\articles\03-visual-styles\vstyles\app\Debug\CL.write.1.tlog
D:\prj\articles\03-visual-styles\vstyles\app\Debug\link.command.1.tlog
D:\prj\articles\03-visual-styles\vstyles\app\Debug\link.read.1.tlog
D:\prj\articles\03-visual-styles\vstyles\app\Debug\link.write.1.tlog
D:\prj\articles\03-visual-styles\vstyles\app\Debug\link-cvtres.read.1.tlog
D:\prj\articles\03-visual-styles\vstyles\app\Debug\link-cvtres.write.1.tlog
D:\PRJ\ARTICLES\03-VISUAL-STYLES\VSTYLES\APP\DEBUG\MAIN.OBJ
D:\prj\articles\03-visual-styles\vstyles\app\Debug\mt.command.1.tlog
D:\prj\articles\03-visual-styles\vstyles\app\Debug\mt.read.1.tlog
D:\prj\articles\03-visual-styles\vstyles\app\Debug\mt.write.1.tlog
D:\prj\articles\03-visual-styles\vstyles\app\Debug\rc.command.1.tlog
D:\prj\articles\03-visual-styles\vstyles\app\Debug\rc.read.1.tlog
D:\prj\articles\03-visual-styles\vstyles\app\Debug\rc.write.1.tlog
D:\PRJ\ARTICLES\03-VISUAL-STYLES\VSTYLES\APP\DEBUG\RESOURCE.RES
D:\prj\articles\03-visual-styles\vstyles\app\Debug\vc100.idb
D:\PRJ\ARTICLES\03-VISUAL-STYLES\VSTYLES\APP\DEBUG\VC100.PDB
D:\PRJ\ARTICLES\03-VISUAL-STYLES\VSTYLES\DEBUG\APP.EXE
D:\PRJ\ARTICLES\03-VISUAL-STYLES\VSTYLES\DEBUG\APP.EXE.MANIFEST
D:\PRJ\ARTICLES\03-VISUAL-STYLES\VSTYLES\DEBUG\APP.ILK
D:\PRJ\ARTICLES\03-VISUAL-STYLES\VSTYLES\DEBUG\APP.PDB
D:\PRJ\ARTICLES\03-VISUAL-STYLES\VSTYLES\DEBUG\APP2.EXE
D:\PRJ\ARTICLES\03-VISUAL-STYLES\VSTYLES\DEBUG\APP2.ILK
D:\PRJ\ARTICLES\03-VISUAL-STYLES\VSTYLES\DEBUG\APP2.PDB
