Build started 18.7.2013 0:05:53.
     1>Project "D:\prj\articles\03-visual-styles\vstyles\dll\dll.vcxproj" on node 2 (build target(s)).
     1>InitializeBuildStatus:
         Creating "Debug\dll.unsuccessfulbuild" because "AlwaysCreate" was specified.
       ClCompile:
         c:\Program Files (x86)\Microsoft Visual Studio 10.0\VC\bin\CL.exe /c /ZI /nologo /W3 /WX- /Od /Oy- /D _WINDLL /D _MBCS /Gm /EHsc /RTC1 /MDd /GS /fp:precise /Zc:wchar_t /Zc:forScope /Fo"Debug\\" /Fd"Debug\vc100.pdb" /Gd /TC /analyze- /errorReport:prompt custom.c
         custom.c
       Link:
         c:\Program Files (x86)\Microsoft Visual Studio 10.0\VC\bin\link.exe /ERRORREPORT:PROMPT /OUT:"D:\prj\articles\03-visual-styles\vstyles\Debug\custom.dll" /NOLOGO kernel32.lib user32.lib gdi32.lib winspool.lib comdlg32.lib advapi32.lib shell32.lib ole32.lib oleaut32.lib uuid.lib odbc32.lib odbccp32.lib /DEF:"custom.def" /MANIFEST /ManifestFile:"Debug\custom.dll.intermediate.manifest" /MANIFESTUAC:"level='asInvoker' uiAccess='false'" /DEBUG /PDB:"D:\prj\articles\03-visual-styles\vstyles\Debug\custom.pdb" /TLBID:1 /DYNAMICBASE /NXCOMPAT /IMPLIB:"D:\prj\articles\03-visual-styles\vstyles\Debug\custom.lib" /MACHINE:X86 /DLL Debug\custom.obj
         LINK : D:\prj\articles\03-visual-styles\vstyles\Debug\custom.dll not found or not built by the last incremental link; performing full link
            Creating library D:\prj\articles\03-visual-styles\vstyles\Debug\custom.lib and object D:\prj\articles\03-visual-styles\vstyles\Debug\custom.exp
         dll.vcxproj -> D:\prj\articles\03-visual-styles\vstyles\Debug\custom.dll
       Manifest:
         C:\Program Files (x86)\Microsoft SDKs\Windows\v7.0A\bin\mt.exe /nologo /verbose /outputresource:"D:\prj\articles\03-visual-styles\vstyles\Debug\custom.dll;#2" /manifest Debug\custom.dll.intermediate.manifest
       FinalizeBuildStatus:
         Deleting file "Debug\dll.unsuccessfulbuild".
         Touching "Debug\dll.lastbuildstate".
     1>Done Building Project "D:\prj\articles\03-visual-styles\vstyles\dll\dll.vcxproj" (build target(s)).

Build succeeded.

Time Elapsed 00:00:00.48
